[0m17:31:19.342920 [debug] [MainThread]: Sending event: {'category': 'dbt', 'action': 'invocation', 'label': 'start', 'context': [<snowplow_tracker.self_describing_json.SelfDescribingJson object at 0x7f495f2f0b80>, <snowplow_tracker.self_describing_json.SelfDescribingJson object at 0x7f495e41f670>, <snowplow_tracker.self_describing_json.SelfDescribingJson object at 0x7f495e41fc10>]}


============================== 17:31:19.345609 | 9706ae7a-8e4f-4d56-ad58-ab97a551458a ==============================
[0m17:31:19.345609 [info ] [MainThread]: Running with dbt=1.9.0
[0m17:31:19.346061 [debug] [MainThread]: running dbt with arguments {'printer_width': '80', 'indirect_selection': 'eager', 'write_json': 'True', 'log_cache_events': 'False', 'partial_parse': 'True', 'cache_selected_only': 'False', 'warn_error': 'None', 'fail_fast': 'False', 'version_check': 'True', 'log_path': '/home/gcartasso/Downloads/dbt_mlops/logs', 'profiles_dir': '/home/gcartasso/.dbt', 'debug': 'False', 'use_colors': 'True', 'use_experimental_parser': 'False', 'empty': 'None', 'quiet': 'False', 'no_print': 'None', 'warn_error_options': 'WarnErrorOptions(include=[], exclude=[])', 'introspect': 'True', 'static_parser': 'True', 'invocation_command': 'dbt debug', 'target_path': 'None', 'log_format': 'default', 'send_anonymous_usage_stats': 'True'}
[0m17:31:19.351006 [info ] [MainThread]: dbt version: 1.9.0
[0m17:31:19.351356 [info ] [MainThread]: python version: 3.9.21
[0m17:31:19.351617 [info ] [MainThread]: python path: /home/gcartasso/.conda/envs/mlops-dbt/bin/python3.9
[0m17:31:19.351859 [info ] [MainThread]: os info: Linux-6.11.7-300.fc41.x86_64-x86_64-with-glibc2.40
[0m17:31:19.354126 [info ] [MainThread]: Using profiles dir at /home/gcartasso/.dbt
[0m17:31:19.354435 [info ] [MainThread]: Using profiles.yml file at /home/gcartasso/.dbt/profiles.yml
[0m17:31:19.354685 [info ] [MainThread]: Using dbt_project.yml file at /home/gcartasso/Downloads/dbt_mlops/dbt_project.yml
[0m17:31:19.423541 [info ] [MainThread]: Configuration:
[0m17:31:19.423989 [info ] [MainThread]:   profiles.yml file [[31mERROR invalid[0m]
[0m17:31:19.424274 [info ] [MainThread]:   dbt_project.yml file [[32mOK found and valid[0m]
[0m17:31:19.424517 [info ] [MainThread]: Required dependencies:
[0m17:31:19.424779 [debug] [MainThread]: Executing "git --help"
[0m17:31:19.429542 [debug] [MainThread]: STDOUT: "b"usage: git [-v | --version] [-h | --help] [-C <path>] [-c <name>=<value>]\n           [--exec-path[=<path>]] [--html-path] [--man-path] [--info-path]\n           [-p | --paginate | -P | --no-pager] [--no-replace-objects] [--no-lazy-fetch]\n           [--no-optional-locks] [--no-advice] [--bare] [--git-dir=<path>]\n           [--work-tree=<path>] [--namespace=<name>] [--config-env=<name>=<envvar>]\n           <command> [<args>]\n\nThese are common Git commands used in various situations:\n\nstart a working area (see also: git help tutorial)\n   clone     Clone a repository into a new directory\n   init      Create an empty Git repository or reinitialize an existing one\n\nwork on the current change (see also: git help everyday)\n   add       Add file contents to the index\n   mv        Move or rename a file, a directory, or a symlink\n   restore   Restore working tree files\n   rm        Remove files from the working tree and from the index\n\nexamine the history and state (see also: git help revisions)\n   bisect    Use binary search to find the commit that introduced a bug\n   diff      Show changes between commits, commit and working tree, etc\n   grep      Print lines matching a pattern\n   log       Show commit logs\n   show      Show various types of objects\n   status    Show the working tree status\n\ngrow, mark and tweak your common history\n   branch    List, create, or delete branches\n   commit    Record changes to the repository\n   merge     Join two or more development histories together\n   rebase    Reapply commits on top of another base tip\n   reset     Reset current HEAD to the specified state\n   switch    Switch branches\n   tag       Create, list, delete or verify a tag object signed with GPG\n\ncollaborate (see also: git help workflows)\n   fetch     Download objects and refs from another repository\n   pull      Fetch from and integrate with another repository or a local branch\n   push      Update remote refs along with associated objects\n\n'git help -a' and 'git help -g' list available subcommands and some\nconcept guides. See 'git help <command>' or 'git help <concept>'\nto read about a specific subcommand or concept.\nSee 'git help git' for an overview of the system.\n""
[0m17:31:19.430558 [debug] [MainThread]: STDERR: "b''"
[0m17:31:19.431095 [info ] [MainThread]:  - git [[32mOK found[0m]

[0m17:31:19.433873 [info ] [MainThread]: Connection test skipped since no profile was found
[0m17:31:19.435516 [info ] [MainThread]: [31m1 check failed:[0m
[0m17:31:19.436635 [info ] [MainThread]: Profile loading failed for the following reason:
Runtime Error
  Could not find profile named 'dbt_mlops'


[0m17:31:19.437697 [debug] [MainThread]: Resource report: {"command_name": "debug", "command_success": false, "command_wall_clock_time": 0.13533913, "process_in_blocks": "0", "process_kernel_time": 0.056593, "process_mem_max_rss": "88376", "process_out_blocks": "16", "process_user_time": 0.84638}
[0m17:31:19.438294 [debug] [MainThread]: Command `dbt debug` failed at 17:31:19.438201 after 0.14 seconds
[0m17:31:19.438751 [debug] [MainThread]: Sending event: {'category': 'dbt', 'action': 'invocation', 'label': 'end', 'context': [<snowplow_tracker.self_describing_json.SelfDescribingJson object at 0x7f495f2f0b80>, <snowplow_tracker.self_describing_json.SelfDescribingJson object at 0x7f495e320fa0>, <snowplow_tracker.self_describing_json.SelfDescribingJson object at 0x7f495e41fbe0>]}
[0m17:31:19.439195 [debug] [MainThread]: Flushing usage events
[0m17:31:20.681644 [debug] [MainThread]: An error was encountered while trying to flush usage events
